D:\USERS\Бригада У\LABA4SUS\DEBUG\LABA4SUS.EXE
D:\USERS\Бригада У\LABA4SUS\DEBUG\LABA4SUS.ILK
D:\USERS\БРИГАДА У\LABA4SUS\DEBUG\LABA4SUS.PDB
D:\Users\Бригада У\laba4sus\laba4sus\Debug\cl.command.1.tlog
D:\Users\Бригада У\laba4sus\laba4sus\Debug\CL.read.1.tlog
D:\Users\Бригада У\laba4sus\laba4sus\Debug\CL.write.1.tlog
D:\USERS\Бригада У\LABA4SUS\LABA4SUS\DEBUG\LABA4SUS.EXE.EMBED.MANIFEST
D:\USERS\Бригада У\LABA4SUS\LABA4SUS\DEBUG\LABA4SUS.EXE.EMBED.MANIFEST.RES
D:\USERS\Бригада У\LABA4SUS\LABA4SUS\DEBUG\LABA4SUS.EXE.INTERMEDIATE.MANIFEST
D:\USERS\Бригада У\LABA4SUS\LABA4SUS\DEBUG\LABA4SUS.OBJ
D:\USERS\Бригада У\LABA4SUS\LABA4SUS\DEBUG\LABA4SUS.PCH
D:\Users\Бригада У\laba4sus\laba4sus\Debug\laba4sus.write.1.tlog
D:\Users\Бригада У\laba4sus\laba4sus\Debug\laba4sus_manifest.rc
D:\Users\Бригада У\laba4sus\laba4sus\Debug\link.9188.read.1.tlog
D:\Users\Бригада У\laba4sus\laba4sus\Debug\link.9188.write.1.tlog
D:\Users\Бригада У\laba4sus\laba4sus\Debug\link.9188-cvtres.read.1.tlog
D:\Users\Бригада У\laba4sus\laba4sus\Debug\link.9188-cvtres.write.1.tlog
D:\Users\Бригада У\laba4sus\laba4sus\Debug\link.command.1.tlog
D:\Users\Бригада У\laba4sus\laba4sus\Debug\link.read.1.tlog
D:\Users\Бригада У\laba4sus\laba4sus\Debug\link.write.1.tlog
D:\Users\Бригада У\laba4sus\laba4sus\Debug\link-cvtres.read.1.tlog
D:\Users\Бригада У\laba4sus\laba4sus\Debug\link-cvtres.write.1.tlog
D:\Users\Бригада У\laba4sus\laba4sus\Debug\mt.command.1.tlog
D:\Users\Бригада У\laba4sus\laba4sus\Debug\mt.read.1.tlog
D:\Users\Бригада У\laba4sus\laba4sus\Debug\mt.write.1.tlog
D:\Users\Бригада У\laba4sus\laba4sus\Debug\rc.command.1.tlog
D:\Users\Бригада У\laba4sus\laba4sus\Debug\rc.read.1.tlog
D:\Users\Бригада У\laba4sus\laba4sus\Debug\rc.write.1.tlog
D:\USERS\Бригада У\LABA4SUS\LABA4SUS\DEBUG\STDAFX.OBJ
D:\Users\Бригада У\laba4sus\laba4sus\Debug\vc100.idb
D:\USERS\БРИГАДА У\LABA4SUS\LABA4SUS\DEBUG\VC100.PDB
